<?xml version="1.0" encoding="UTF-8"?>
<testsuite xmlns:xsi="http://www.w3.org/2001/XMLSchema-instance" xsi:noNamespaceSchemaLocation="https://maven.apache.org/surefire/maven-surefire-plugin/xsd/surefire-test-report-3.0.xsd" version="3.0" name="es.ies.puerto.repository.sqlite.ReservasRepositoryTest" time="0.481" tests="6" errors="0" skipped="0" failures="0">
  <properties>
[...]
</properties>
  <testcase name="updateTestOk" classname="es.ies.puerto.repository.sqlite.ReservasRepositoryTest" time="0.093"/>
  <testcase name="deleteTestOk" classname="es.ies.puerto.repository.sqlite.ReservasRepositoryTest" time="0.249"/>
  <testcase name="findAllTestOk" classname="es.ies.puerto.repository.sqlite.ReservasRepositoryTest" time="0.003"/>
  <testcase name="deleteTestNotFound" classname="es.ies.puerto.repository.sqlite.ReservasRepositoryTest" time="0.004"/>
  <testcase name="saveAndFindByIdTestOk" classname="es.ies.puerto.repository.sqlite.ReservasRepositoryTest" time="0.072"/>
  <testcase name="findByIdTestNotFound" classname="es.ies.puerto.repository.sqlite.ReservasRepositoryTest" time="0.049"/>
</testsuite>