<?xml version="1.0" encoding="UTF-8"?>
<testsuite xmlns:xsi="http://www.w3.org/2001/XMLSchema-instance" xsi:noNamespaceSchemaLocation="https://maven.apache.org/surefire/maven-surefire-plugin/xsd/surefire-test-report-3.0.xsd" version="3.0" name="es.ies.puerto.controller.IncidenciasControllerTest" time="5.478" tests="13" errors="0" skipped="0" failures="0">
  <properties>
[...]
</properties>
  <testcase name="nuevaIncidenciaWithMainControllerTest" classname="es.ies.puerto.controller.IncidenciasControllerTest" time="0.305"/>
  <testcase name="loadDataTestOk" classname="es.ies.puerto.controller.IncidenciasControllerTest" time="0.274"/>
  <testcase name="deleteIncidenciaTestOk" classname="es.ies.puerto.controller.IncidenciasControllerTest" time="0.274"/>
  <testcase name="nuevaIncidenciaTest" classname="es.ies.puerto.controller.IncidenciasControllerTest" time="0.284"/>
  <testcase name="getServiceLazyInitTest" classname="es.ies.puerto.controller.IncidenciasControllerTest" time="0.219"/>
  <testcase name="nuevaIncidenciaWithMainControllerIOExceptionTest" classname="es.ies.puerto.controller.IncidenciasControllerTest" time="0.275">
    <system-err><![CDATA[java.io.IOException: Test Error
	at javafx.fxml.FXMLLoader.load(FXMLLoader.java:2516)
	at es.ies.puerto.controller.IncidenciasController.nuevaIncidencia(IncidenciasController.java:96)
	at es.ies.puerto.controller.IncidenciasControllerTest.lambda$nuevaIncidenciaWithMainControllerIOExceptionTest$14(IncidenciasControllerTest.java:221)
	at java.base/java.util.concurrent.Executors$RunnableAdapter.call(Executors.java:539)
	at java.base/java.util.concurrent.FutureTask.run(FutureTask.java:264)
	at com.sun.javafx.application.PlatformImpl.lambda$runLater$10(PlatformImpl.java:457)
	at java.base/java.security.AccessController.doPrivileged(AccessController.java:399)
	at com.sun.javafx.application.PlatformImpl.lambda$runLater$11(PlatformImpl.java:456)
	at com.sun.glass.ui.InvokeLaterDispatcher$Future.run(InvokeLaterDispatcher.java:96)
	at com.sun.glass.ui.win.WinApplication._runLoop(Native Method)
	at com.sun.glass.ui.win.WinApplication.lambda$runLoop$3(WinApplication.java:184)
	at java.base/java.lang.Thread.run(Thread.java:840)
]]></system-err>
  </testcase>
  <testcase name="loadDataTestNull" classname="es.ies.puerto.controller.IncidenciasControllerTest" time="0.277"/>
  <testcase name="nuevaIncidenciaIOExceptionTest" classname="es.ies.puerto.controller.IncidenciasControllerTest" time="0.272">
    <system-err><![CDATA[java.io.IOException: Test Error
	at javafx.fxml.FXMLLoader.load(FXMLLoader.java:2516)
	at es.ies.puerto.controller.IncidenciasController.nuevaIncidencia(IncidenciasController.java:111)
	at es.ies.puerto.controller.IncidenciasControllerTest.lambda$nuevaIncidenciaIOExceptionTest$12(IncidenciasControllerTest.java:206)
	at java.base/java.util.concurrent.Executors$RunnableAdapter.call(Executors.java:539)
	at java.base/java.util.concurrent.FutureTask.run(FutureTask.java:264)
	at com.sun.javafx.application.PlatformImpl.lambda$runLater$10(PlatformImpl.java:457)
	at java.base/java.security.AccessController.doPrivileged(AccessController.java:399)
	at com.sun.javafx.application.PlatformImpl.lambda$runLater$11(PlatformImpl.java:456)
	at com.sun.glass.ui.InvokeLaterDispatcher$Future.run(InvokeLaterDispatcher.java:96)
	at com.sun.glass.ui.win.WinApplication._runLoop(Native Method)
	at com.sun.glass.ui.win.WinApplication.lambda$runLoop$3(WinApplication.java:184)
	at java.base/java.lang.Thread.run(Thread.java:840)
]]></system-err>
  </testcase>
  <testcase name="loadDataTestNullList" classname="es.ies.puerto.controller.IncidenciasControllerTest" time="0.277"/>
  <testcase name="nuevaIncidenciaHeadlessFalseTest" classname="es.ies.puerto.controller.IncidenciasControllerTest" time="2.196"/>
  <testcase name="nuevaIncidenciaSuccessTest" classname="es.ies.puerto.controller.IncidenciasControllerTest" time="0.274"/>
  <testcase name="deleteIncidenciaNoSelectionTest" classname="es.ies.puerto.controller.IncidenciasControllerTest" time="0.274"/>
  <testcase name="initializeTest" classname="es.ies.puerto.controller.IncidenciasControllerTest" time="0.275"/>
</testsuite>