<?xml version="1.0" encoding="UTF-8"?>
<testsuite xmlns:xsi="http://www.w3.org/2001/XMLSchema-instance" xsi:noNamespaceSchemaLocation="https://maven.apache.org/surefire/maven-surefire-plugin/xsd/surefire-test-report-3.0.xsd" version="3.0" name="es.ies.puerto.controller.AddReservaControllerTest" time="6.636" tests="13" errors="0" skipped="0" failures="0">
  <properties>
[...]
</properties>
  <testcase name="setPreviousControllerTest" classname="es.ies.puerto.controller.AddReservaControllerTest" time="0.349"/>
  <testcase name="cancelarTest" classname="es.ies.puerto.controller.AddReservaControllerTest" time="0.334"/>
  <testcase name="guardarTestSaveError" classname="es.ies.puerto.controller.AddReservaControllerTest" time="1.264"/>
  <testcase name="getServiceLazyInitTest" classname="es.ies.puerto.controller.AddReservaControllerTest" time="0.281"/>
  <testcase name="cerrarWithMainPreviousAndGuardadoTrueTest" classname="es.ies.puerto.controller.AddReservaControllerTest" time="0.328"/>
  <testcase name="cerrarWithMainAndPreviousTest" classname="es.ies.puerto.controller.AddReservaControllerTest" time="0.329"/>
  <testcase name="guardarTestError" classname="es.ies.puerto.controller.AddReservaControllerTest" time="1.789"/>
  <testcase name="guardarTestOk" classname="es.ies.puerto.controller.AddReservaControllerTest" time="0.315"/>
  <testcase name="cerrarWithOnlyPreviousControllerTest" classname="es.ies.puerto.controller.AddReservaControllerTest" time="0.329"/>
  <testcase name="guardarTestNullDateOk" classname="es.ies.puerto.controller.AddReservaControllerTest" time="0.329"/>
  <testcase name="cerrarWithNoControllersTest" classname="es.ies.puerto.controller.AddReservaControllerTest" time="0.329"/>
  <testcase name="cerrarWithOnlyMainControllerTest" classname="es.ies.puerto.controller.AddReservaControllerTest" time="0.326"/>
  <testcase name="initializeTest" classname="es.ies.puerto.controller.AddReservaControllerTest" time="0.332"/>
</testsuite>